<?xml version="1.0" encoding="UTF-8"?>
<!-- Generated by org.testng.reporters.JUnitReportReporter -->
<testsuite hostname="DESKTOP-5EVM3C9" failures="0" tests="3" name="runner.RunSteps" time="51.356" errors="0" timestamp="2020-07-11T18:44:15 IST" skipped="0">
  <testcase classname="runner.RunSteps" name="runScenario" time="16.248"/>
  <testcase classname="runner.RunSteps" name="runScenario" time="18.431"/>
  <testcase classname="runner.RunSteps" name="runScenario" time="16.677"/>
</testsuite> <!-- runner.RunSteps -->
